<?xml version="1.0" encoding="UTF-8"?>
<!-- Generated by org.testng.reporters.JUnitXMLReporter -->
<testsuite hostname="DESKTOP-3942BU5" ignored="0" name="Default test" tests="3" failures="0" timestamp="26 Jan 2017 18:10:55 GMT" time="34.734" errors="0">
  <testcase name="test1" time="14.53" classname="seleniumDemo.TestNG"/>
  <testcase name="test1" time="8.319" classname="seleniumDemo.TestNG"/>
  <testcase name="test1" time="7.677" classname="seleniumDemo.TestNG"/>
</testsuite> <!-- Default test -->
