<?xml version="1.0" encoding="UTF-8"?>
<testng-results skipped="0" failed="0" ignored="0" total="1" passed="1">
  <reporter-output>
  </reporter-output>
  <suite name="Default suite" duration-ms="17495" started-at="2017-01-28T10:12:26Z" finished-at="2017-01-28T10:12:43Z">
    <groups>
    </groups>
    <test name="Default test" duration-ms="17495" started-at="2017-01-28T10:12:26Z" finished-at="2017-01-28T10:12:43Z">
      <class name="pomDemo.TestWeb">
        <test-method status="PASS" signature="initiate()[pri:0, instance:pomDemo.TestWeb@7cd62f43]" name="initiate" is-config="true" duration-ms="3248" started-at="2017-01-28T15:42:26Z" finished-at="2017-01-28T15:42:29Z">
          <reporter-output>
          </reporter-output>
        </test-method> <!-- initiate -->
        <test-method status="PASS" signature="loginTest()[pri:0, instance:pomDemo.TestWeb@7cd62f43]" name="loginTest" duration-ms="11908" started-at="2017-01-28T15:42:29Z" finished-at="2017-01-28T15:42:41Z">
          <reporter-output>
          </reporter-output>
        </test-method> <!-- loginTest -->
        <test-method status="PASS" signature="close()[pri:0, instance:pomDemo.TestWeb@7cd62f43]" name="close" is-config="true" duration-ms="2317" started-at="2017-01-28T15:42:41Z" finished-at="2017-01-28T15:42:43Z">
          <reporter-output>
          </reporter-output>
        </test-method> <!-- close -->
      </class> <!-- pomDemo.TestWeb -->
    </test> <!-- Default test -->
  </suite> <!-- Default suite -->
</testng-results>
