<?xml version="1.0" encoding="UTF-8"?>
<!-- Generated by org.testng.reporters.JUnitXMLReporter -->
<testsuite hostname="DESKTOP-3942BU5" ignored="1" name="Test" tests="1" failures="1" timestamp="27 Jan 2017 14:59:45 GMT" time="3.491" errors="0">
  <testcase name="test2" time="0.007" classname="seleniumDemo.TestNG">
    <failure type="junit.framework.AssertionFailedError">
      <![CDATA[junit.framework.AssertionFailedError
	at junit.framework.Assert.fail(Assert.java:55)
	at junit.framework.Assert.fail(Assert.java:64)
	at seleniumDemo.TestNG.test2(TestNG.java:48)
... Removed 25 stack frames]]>
    </failure>
  </testcase> <!-- test2 -->
  <testcase name="test1" time="0.0" classname="seleniumDemo.TestNG">
    <ignored/>
  </testcase> <!-- test1 -->
</testsuite> <!-- Test -->
