<?xml version="1.0" encoding="UTF-8"?>
<!-- Generated by org.testng.reporters.JUnitXMLReporter -->
<testsuite hostname="DESKTOP-3942BU5" ignored="0" name="Login" tests="4" failures="0" timestamp="27 Jan 2017 08:18:55 GMT" time="30.646" errors="0">
  <testcase name="test1" time="14.518" classname="seleniumDemo.TestNG"/>
  <testcase name="test1" time="5.953" classname="seleniumDemo.TestNG"/>
  <testcase name="test1" time="5.461" classname="seleniumDemo.TestNG"/>
  <testcase name="test2" time="0.002" classname="seleniumDemo.TestNG"/>
</testsuite> <!-- Login -->
